<?xml version="1.0" encoding="UTF-8"?>
<!-- Generated by org.testng.reporters.JUnitReportReporter -->
<testsuite skipped="0" hostname="LGDN18-1209-W10" name="com.logigear.training.test.Test2" tests="1" failures="0" timestamp="13 Jan 2020 03:14:08 GMT" time="9.807" errors="0">
  <testcase name="TC01" time="9.807" classname="com.logigear.training.test.Test2"/>
</testsuite> <!-- com.logigear.training.test.Test2 -->
