<?xml version="1.0" encoding="UTF-8"?>
<!-- Generated by org.testng.reporters.JUnitReportReporter -->
<testsuite skipped="0" hostname="LGDN18-1209-W10" name="com.logigear.training.test.TC14_BookMutileTicket" tests="1" failures="0" timestamp="15 Jan 2020 06:20:30 GMT" time="20.114" errors="0">
  <testcase name="TC14" time="20.114" classname="com.logigear.training.test.TC14_BookMutileTicket"/>
</testsuite> <!-- com.logigear.training.test.TC14_BookMutileTicket -->
