<?xml version="1.0" encoding="UTF-8"?>
<!-- Generated by org.testng.reporters.JUnitReportReporter -->
<testsuite skipped="0" hostname="LGDN18-1209-W10" name="com.logigear.training.test.TC08_LoginWithInactiveAccount" tests="1" failures="0" timestamp="15 Jan 2020 01:16:51 GMT" time="7.653" errors="0">
  <testcase name="TC08" time="7.653" classname="com.logigear.training.test.TC08_LoginWithInactiveAccount"/>
</testsuite> <!-- com.logigear.training.test.TC08_LoginWithInactiveAccount -->
