<?xml version="1.0" encoding="UTF-8"?>
<!-- Generated by org.testng.reporters.JUnitReportReporter -->
<testsuite skipped="0" hostname="LGDN18-1209-W10" name="com.logigear.training.test.Test7" tests="1" failures="0" timestamp="13 Jan 2020 03:23:29 GMT" time="8.590" errors="0">
  <testcase name="TC07" time="8.590" classname="com.logigear.training.test.Test7"/>
</testsuite> <!-- com.logigear.training.test.Test7 -->
