<?xml version="1.0" encoding="UTF-8"?>
<!-- Generated by org.testng.reporters.JUnitReportReporter -->
<testsuite skipped="0" hostname="LGDN18-1209-W10" name="com.logigear.training.test.Test3" tests="1" failures="0" timestamp="13 Jan 2020 03:14:57 GMT" time="6.148" errors="0">
  <testcase name="TC02" time="6.148" classname="com.logigear.training.test.Test3"/>
</testsuite> <!-- com.logigear.training.test.Test3 -->
