<?xml version="1.0" encoding="UTF-8"?>
<!-- Generated by org.testng.reporters.JUnitReportReporter -->
<testsuite skipped="0" hostname="LGDN18-1209-W10" name="com.logigear.training.test.TC16_CancelTicket" tests="1" failures="0" timestamp="15 Jan 2020 06:16:27 GMT" time="20.081" errors="0">
  <testcase name="TC16" time="20.081" classname="com.logigear.training.test.TC16_CancelTicket"/>
</testsuite> <!-- com.logigear.training.test.TC16_CancelTicket -->
