<?xml version="1.0" encoding="UTF-8"?>
<!-- Generated by org.testng.reporters.JUnitReportReporter -->
<testsuite skipped="0" hostname="LGDN18-1209-W10" name="com.logigear.training.test.TC07_CreateNewAccount" tests="1" failures="0" timestamp="14 Jan 2020 07:43:29 GMT" time="9.515" errors="0">
  <testcase name="TC07" time="9.515" classname="com.logigear.training.test.TC07_CreateNewAccount"/>
</testsuite> <!-- com.logigear.training.test.TC07_CreateNewAccount -->
