<?xml version="1.0" encoding="UTF-8"?>
<!-- Generated by org.testng.reporters.JUnitReportReporter -->
<testsuite skipped="0" hostname="LGDN18-1209-W10" name="com.logigear.training.test.TC13_ResetPasswordWithDifferentPasswordAndConfirmPassword" tests="1" failures="0" timestamp="14 Jan 2020 07:51:15 GMT" time="23.182" errors="0">
  <testcase name="TC13" time="23.182" classname="com.logigear.training.test.TC13_ResetPasswordWithDifferentPasswordAndConfirmPassword"/>
</testsuite> <!-- com.logigear.training.test.TC13_ResetPasswordWithDifferentPasswordAndConfirmPassword -->
