<?xml version="1.0" encoding="UTF-8"?>
<!-- Generated by org.testng.reporters.JUnitReportReporter -->
<testsuite skipped="0" hostname="LGDN18-1209-W10" name="com.logigear.training.test.TC04_RedirectToBookTicketPageAfterLogin" tests="1" failures="0" timestamp="13 Jan 2020 04:32:48 GMT" time="9.165" errors="0">
  <testcase name="TC04" time="9.165" classname="com.logigear.training.test.TC04_RedirectToBookTicketPageAfterLogin"/>
</testsuite> <!-- com.logigear.training.test.TC04_RedirectToBookTicketPageAfterLogin -->
