<?xml version="1.0" encoding="UTF-8"?>
<!-- Generated by org.testng.reporters.JUnitReportReporter -->
<testsuite skipped="0" hostname="LGDN18-1209-W10" name="com.logigear.training.test.TC15_TicketPageDispLayAfterClickOnCheckprice" tests="1" failures="0" timestamp="15 Jan 2020 01:17:27 GMT" time="3.787" errors="0">
  <testcase name="TC15" time="3.787" classname="com.logigear.training.test.TC15_TicketPageDispLayAfterClickOnCheckprice"/>
</testsuite> <!-- com.logigear.training.test.TC15_TicketPageDispLayAfterClickOnCheckprice -->
