<?xml version="1.0" encoding="UTF-8"?>
<!-- Generated by org.testng.reporters.JUnitReportReporter -->
<testsuite skipped="0" hostname="LGDN18-1209-W10" name="com.logigear.training.test.Test4" tests="1" failures="0" timestamp="13 Jan 2020 03:16:35 GMT" time="5.685" errors="0">
  <testcase name="TC03" time="5.685" classname="com.logigear.training.test.Test4"/>
</testsuite> <!-- com.logigear.training.test.Test4 -->
