<?xml version="1.0" encoding="UTF-8"?>
<!-- Generated by org.testng.reporters.JUnitReportReporter -->
<testsuite hostname="DESKTOP-2N6HQD5" failures="0" tests="1" name="test.Test2" time="14.431" errors="0" timestamp="11 Jan 2020 04:32:41 GMT" skipped="0">
  <testcase classname="test.Test2" name="TC15" time="14.431"/>
</testsuite> <!-- test.Test2 -->
